<?xml version="1.0" encoding="UTF-8"?>
<testsuite xmlns:xsi="http://www.w3.org/2001/XMLSchema-instance" xsi:noNamespaceSchemaLocation="https://maven.apache.org/surefire/maven-surefire-plugin/xsd/surefire-test-report.xsd" name="amusement.park.CoinsPanelTest" time="45.888" tests="2" errors="0" skipped="0" failures="0">
  <properties>
[...]
</properties>
  <testcase name="test_increasingMoney" classname="amusement.park.CoinsPanelTest" time="45.551"/>
  <testcase name="test_decreasingMoney" classname="amusement.park.CoinsPanelTest" time="0"/>
</testsuite>